Using pre-set license
Built from '2020.3/staging' branch; Version is '2020.3.18f1 (a7d1c678663c) revision 10998214'; Using compiler version '192528614'; Build Type 'Release'
OS: 'Windows 10 Home; OS build 19042.1237; Version 2009; 64bit' Language: 'en' Physical Memory: 8112 MB
BatchMode: 1, IsHumanControllingUs: 0, StartBugReporterOnCrash: 0, Is64bit: 1, IsPro: 0

COMMAND LINE ARGUMENTS:
D:\unity\2020.3.18f1\Editor\Unity.exe
-adb2
-batchMode
-noUpm
-name
AssetImportWorker0
-projectPath
D:/source/repos/GSDA-FALL-GAME-JAM-2021/2021 FALL GAME JAM
-logFile
Logs/AssetImportWorker0.log
-srvPort
53380
Successfully changed project path to: D:/source/repos/GSDA-FALL-GAME-JAM-2021/2021 FALL GAME JAM
D:/source/repos/GSDA-FALL-GAME-JAM-2021/2021 FALL GAME JAM
Using Asset Import Pipeline V2.
Refreshing native plugins compatible for Editor in 25.48 ms, found 0 plugins.
Preloading 0 native plugins for Editor in 0.00 ms.
Initialize engine version: 2020.3.18f1 (a7d1c678663c)
[Subsystems] Discovering subsystems at path D:/unity/2020.3.18f1/Editor/Data/Resources/UnitySubsystems
[Subsystems] Discovering subsystems at path D:/source/repos/GSDA-FALL-GAME-JAM-2021/2021 FALL GAME JAM/Assets
GfxDevice: creating device client; threaded=0
Direct3D:
    Version:  Direct3D 11.0 [level 11.1]
    Renderer: NVIDIA GeForce GTX 1650 (ID=0x1f91)
    Vendor:   
    VRAM:     3962 MB
    Driver:   27.21.14.6230
Initialize mono
Mono path[0] = 'D:/unity/2020.3.18f1/Editor/Data/Managed'
Mono path[1] = 'D:/unity/2020.3.18f1/Editor/Data/MonoBleedingEdge/lib/mono/unityjit'
Mono config path = 'D:/unity/2020.3.18f1/Editor/Data/MonoBleedingEdge/etc'
Using monoOptions --debugger-agent=transport=dt_socket,embedding=1,server=y,suspend=n,address=127.0.0.1:56676
Begin MonoManager ReloadAssembly
Registering precompiled unity dll's ...
Register platform support module: D:/unity/2020.3.18f1/Editor/Data/PlaybackEngines/WindowsStandaloneSupport/UnityEditor.WindowsStandalone.Extensions.dll
Registered in 0.001052 seconds.
Native extension for WindowsStandalone target not found
Refreshing native plugins compatible for Editor in 27.13 ms, found 0 plugins.
Preloading 0 native plugins for Editor in 0.00 ms.
Mono: successfully reloaded assembly
- Completed reload, in  0.905 seconds
Domain Reload Profiling:
	ReloadAssembly (905ms)
		BeginReloadAssembly (52ms)
			ExecutionOrderSort (0ms)
			DisableScriptedObjects (0ms)
			BackupInstance (0ms)
			ReleaseScriptingObjects (0ms)
			CreateAndSetChildDomain (1ms)
		EndReloadAssembly (422ms)
			LoadAssemblies (51ms)
			RebuildTransferFunctionScriptingTraits (0ms)
			SetupTypeCache (167ms)
			ReleaseScriptCaches (0ms)
			RebuildScriptCaches (30ms)
			SetupLoadedEditorAssemblies (152ms)
				LogAssemblyErrors (0ms)
				InitializePlatformSupportModulesInManaged (3ms)
				SetLoadedEditorAssemblies (0ms)
				RefreshPlugins (27ms)
				BeforeProcessingInitializeOnLoad (15ms)
				ProcessInitializeOnLoadAttributes (78ms)
				ProcessInitializeOnLoadMethodAttributes (28ms)
				AfterProcessingInitializeOnLoad (0ms)
				EditorAssembliesLoaded (0ms)
			ExecutionOrderSort2 (0ms)
			AwakeInstancesAfterBackupRestoration (0ms)
Platform modules already initialized, skipping
Registering precompiled user dll's ...
Registered in 0.001537 seconds.
Begin MonoManager ReloadAssembly
Native extension for WindowsStandalone target not found
Refreshing native plugins compatible for Editor in 0.42 ms, found 0 plugins.
Preloading 0 native plugins for Editor in 0.00 ms.
Mono: successfully reloaded assembly
- Completed reload, in  0.720 seconds
Domain Reload Profiling:
	ReloadAssembly (720ms)
		BeginReloadAssembly (146ms)
			ExecutionOrderSort (0ms)
			DisableScriptedObjects (4ms)
			BackupInstance (0ms)
			ReleaseScriptingObjects (0ms)
			CreateAndSetChildDomain (24ms)
		EndReloadAssembly (519ms)
			LoadAssemblies (41ms)
			RebuildTransferFunctionScriptingTraits (0ms)
			SetupTypeCache (157ms)
			ReleaseScriptCaches (0ms)
			RebuildScriptCaches (41ms)
			SetupLoadedEditorAssemblies (188ms)
				LogAssemblyErrors (0ms)
				InitializePlatformSupportModulesInManaged (5ms)
				SetLoadedEditorAssemblies (0ms)
				RefreshPlugins (0ms)
				BeforeProcessingInitializeOnLoad (92ms)
				ProcessInitializeOnLoadAttributes (85ms)
				ProcessInitializeOnLoadMethodAttributes (4ms)
				AfterProcessingInitializeOnLoad (2ms)
				EditorAssembliesLoaded (0ms)
			ExecutionOrderSort2 (0ms)
			AwakeInstancesAfterBackupRestoration (6ms)
Platform modules already initialized, skipping
========================================================================
Worker process is ready to serve import requests
Launched and connected shader compiler UnityShaderCompiler.exe after 0.12 seconds
Refreshing native plugins compatible for Editor in 0.51 ms, found 0 plugins.
Preloading 0 native plugins for Editor in 0.00 ms.
Unloading 335 Unused Serialized files (Serialized files now loaded: 0)
System memory in use before: 38.2 MB.
System memory in use after: 38.2 MB.

Unloading 3 unused Assets to reduce memory usage. Loaded Objects now: 776.
Total: 1.984900 ms (FindLiveObjects: 0.063300 ms CreateObjectMapping: 0.011900 ms MarkObjects: 1.848700 ms  DeleteObjects: 0.060000 ms)

AssetImportParameters requested are different than current active one (requested -> active):
  custom:framework-win-MediaFoundation: 216162199b28c13a410421893ffa2e32 -> 
  custom:video-decoder-ogg-theora: a1e56fd34408186e4bbccfd4996cb3dc -> 
  custom:container-muxer-webm: aa71ff27fc2769a1b78a27578f13a17b -> 
  custom:container-demuxer-webm: 4f35f7cbe854078d1ac9338744f61a02 -> 
  custom:container-demuxer-ogg: 62fdf1f143b41e24485cea50d1cbac27 -> 
  custom:video-encoder-webm-vp8: eb34c28f22e8b96e1ab97ce403110664 -> 
  custom:video-codec-MediaFoundation-h265: 746d11721c4dcdbdad8f713fa42b33f4 -> 
  custom:video-decoder-webm-vp8: 9c59270c3fd7afecdb556c50c9e8de78 -> 
  custom:audio-decoder-ogg-vorbis: bf7c407c2cedff20999df2af8eb42d56 -> 
  custom:audio-encoder-webm-vorbis: bf7c407c2cedff20999df2af8eb42d56 -> 
========================================================================
Received Import Request.
  path: Assets/Materials/Bench.mat
  artifactKey: Guid(e53a17aad408e5141b6ab9b71bacef9e) Importer(815301076,1909f56bfc062723c751e8b465ee728b)
Start importing Assets/Materials/Bench.mat using Guid(e53a17aad408e5141b6ab9b71bacef9e) Importer(815301076,1909f56bfc062723c751e8b465ee728b)  -> (artifact id: '60551f0b8ae6862de63d4eab841410f5') in 0.113019 seconds 
  Import took 0.113980 seconds .

========================================================================
Received Import Request.
  Time since last request: 2.659078 seconds.
  path: Assets/Materials/Bench.mat
  artifactKey: Guid(e53a17aad408e5141b6ab9b71bacef9e) Importer(815301076,1909f56bfc062723c751e8b465ee728b)
Start importing Assets/Materials/Bench.mat using Guid(e53a17aad408e5141b6ab9b71bacef9e) Importer(815301076,1909f56bfc062723c751e8b465ee728b)  -> (artifact id: '60551f0b8ae6862de63d4eab841410f5') in 0.023969 seconds 
  Import took 0.025696 seconds .

========================================================================
Received Import Request.
  Time since last request: 3.790372 seconds.
  path: Assets/Materials/Boxthing.mat
  artifactKey: Guid(68a40fb38f1bb7b479d77b0c1c7d7419) Importer(815301076,1909f56bfc062723c751e8b465ee728b)
Start importing Assets/Materials/Boxthing.mat using Guid(68a40fb38f1bb7b479d77b0c1c7d7419) Importer(815301076,1909f56bfc062723c751e8b465ee728b)  -> (artifact id: '763ddb34cac0234aeabb9c29e8b3c9cf') in 0.131424 seconds 
  Import took 0.132576 seconds .

========================================================================
Received Import Request.
  Time since last request: 1.964722 seconds.
  path: Assets/Texs/box3.png
  artifactKey: Guid(fd1a1662b49e84f408522072004e8d2c) Importer(815301076,1909f56bfc062723c751e8b465ee728b)
Start importing Assets/Texs/box3.png using Guid(fd1a1662b49e84f408522072004e8d2c) Importer(815301076,1909f56bfc062723c751e8b465ee728b)  -> (artifact id: 'f065102a56475a28762307adb915fc67') in 0.021756 seconds 
  Import took 0.022971 seconds .

========================================================================
Received Import Request.
  Time since last request: 0.006641 seconds.
  path: Assets/Texs/box3.png
  artifactKey: Guid(fd1a1662b49e84f408522072004e8d2c) Importer(815301076,1909f56bfc062723c751e8b465ee728b)
Start importing Assets/Texs/box3.png using Guid(fd1a1662b49e84f408522072004e8d2c) Importer(815301076,1909f56bfc062723c751e8b465ee728b)  -> (artifact id: 'f065102a56475a28762307adb915fc67') in 0.011242 seconds 
  Import took 0.012778 seconds .

========================================================================
Received Import Request.
  Time since last request: 8.868314 seconds.
  path: Assets/Meshes/box.obj
  artifactKey: Guid(b1e8a0b0a43f00548acb7ad920499412) Importer(815301076,1909f56bfc062723c751e8b465ee728b)
Start importing Assets/Meshes/box.obj using Guid(b1e8a0b0a43f00548acb7ad920499412) Importer(815301076,1909f56bfc062723c751e8b465ee728b)  -> (artifact id: '7c031921fb9be0ac00bc91ad33f88337') in 0.165691 seconds 
  Import took 0.167003 seconds .

AssetImportWorkerClient::OnTransportError - code=2 error=End of file
